<?xml version="1.0" encoding="UTF-8"?>
<coverage generated="1581423993624" clover="3.2.0">
  <project timestamp="1581423993624" name="All files">
    <metrics statements="114" coveredstatements="33" conditionals="64" coveredconditionals="7" methods="33" coveredmethods="6" elements="211" coveredelements="46" complexity="0" loc="114" ncloc="114" packages="1" files="7" classes="7"/>
    <file name="App.js" path="C:\Users\bfaroux\Documents\99_Personnel\workspace\memory\memory\src\App.js">
      <metrics statements="40" coveredstatements="21" conditionals="24" coveredconditionals="6" methods="8" coveredmethods="4"/>
      <line num="11" count="1" type="stmt"/>
      <line num="12" count="1" type="stmt"/>
      <line num="13" count="1" type="stmt"/>
      <line num="16" count="3" type="stmt"/>
      <line num="27" count="2" type="stmt"/>
      <line num="28" count="2" type="stmt"/>
      <line num="29" count="2" type="stmt"/>
      <line num="30" count="2" type="stmt"/>
      <line num="31" count="36" type="stmt"/>
      <line num="32" count="36" type="stmt"/>
      <line num="34" count="2" type="stmt"/>
      <line num="38" count="108" type="stmt"/>
      <line num="39" count="108" type="stmt"/>
      <line num="41" count="108" type="cond" truecount="1" falsecount="1"/>
      <line num="42" count="108" type="cond" truecount="3" falsecount="1"/>
      <line num="45" count="0" type="cond" truecount="0" falsecount="2"/>
      <line num="46" count="0" type="cond" truecount="0" falsecount="2"/>
      <line num="49" count="0" type="cond" truecount="0" falsecount="2"/>
      <line num="53" count="3" type="stmt"/>
      <line num="54" count="0" type="stmt"/>
      <line num="56" count="0" type="cond" truecount="0" falsecount="2"/>
      <line num="57" count="0" type="stmt"/>
      <line num="60" count="0" type="cond" truecount="0" falsecount="2"/>
      <line num="61" count="0" type="stmt"/>
      <line num="62" count="0" type="stmt"/>
      <line num="65" count="0" type="stmt"/>
      <line num="69" count="0" type="stmt"/>
      <line num="71" count="0" type="stmt"/>
      <line num="72" count="0" type="stmt"/>
      <line num="73" count="0" type="stmt"/>
      <line num="75" count="0" type="stmt"/>
      <line num="77" count="0" type="cond" truecount="0" falsecount="2"/>
      <line num="78" count="0" type="stmt"/>
      <line num="80" count="0" type="stmt"/>
      <line num="83" count="3" type="stmt"/>
      <line num="84" count="0" type="stmt"/>
      <line num="88" count="3" type="stmt"/>
      <line num="89" count="3" type="stmt"/>
      <line num="91" count="3" type="stmt"/>
      <line num="101" count="108" type="stmt"/>
    </file>
    <file name="Card.js" path="C:\Users\bfaroux\Documents\99_Personnel\workspace\memory\memory\src\Card.js">
      <metrics statements="4" coveredstatements="4" conditionals="2" coveredconditionals="1" methods="2" coveredmethods="2"/>
      <line num="6" count="1" type="stmt"/>
      <line num="8" count="1" type="stmt"/>
      <line num="9" count="2" type="stmt"/>
      <line num="16" count="1" type="stmt"/>
    </file>
    <file name="GuessCount.js" path="C:\Users\bfaroux\Documents\99_Personnel\workspace\memory\memory\src\GuessCount.js">
      <metrics statements="2" coveredstatements="2" conditionals="0" coveredconditionals="0" methods="1" coveredmethods="0"/>
      <line num="6" count="1" type="stmt"/>
      <line num="8" count="1" type="stmt"/>
    </file>
    <file name="HallOfFame.js" path="C:\Users\bfaroux\Documents\99_Personnel\workspace\memory\memory\src\HallOfFame.js">
      <metrics statements="19" coveredstatements="5" conditionals="6" coveredconditionals="0" methods="4" coveredmethods="0"/>
      <line num="6" count="1" type="stmt"/>
      <line num="7" count="0" type="stmt"/>
      <line num="10" count="0" type="stmt"/>
      <line num="20" count="1" type="stmt"/>
      <line num="35" count="1" type="stmt"/>
      <line num="42" count="1" type="stmt"/>
      <line num="43" count="1" type="stmt"/>
      <line num="46" count="0" type="stmt"/>
      <line num="47" count="0" type="stmt"/>
      <line num="49" count="0" type="cond" truecount="0" falsecount="2"/>
      <line num="50" count="0" type="stmt"/>
      <line num="51" count="0" type="stmt"/>
      <line num="54" count="0" type="cond" truecount="0" falsecount="2"/>
      <line num="55" count="0" type="stmt"/>
      <line num="57" count="0" type="stmt"/>
      <line num="59" count="0" type="cond" truecount="0" falsecount="2"/>
      <line num="60" count="0" type="stmt"/>
      <line num="63" count="0" type="stmt"/>
      <line num="64" count="0" type="stmt"/>
    </file>
    <file name="HighScoreInput.js" path="C:\Users\bfaroux\Documents\99_Personnel\workspace\memory\memory\src\HighScoreInput.js">
      <metrics statements="9" coveredstatements="1" conditionals="0" coveredconditionals="0" methods="3" coveredmethods="0"/>
      <line num="9" count="0" type="stmt"/>
      <line num="12" count="0" type="stmt"/>
      <line num="13" count="0" type="stmt"/>
      <line num="16" count="0" type="stmt"/>
      <line num="17" count="0" type="stmt"/>
      <line num="18" count="0" type="stmt"/>
      <line num="19" count="0" type="stmt"/>
      <line num="23" count="0" type="stmt"/>
      <line num="37" count="1" type="stmt"/>
    </file>
    <file name="index.js" path="C:\Users\bfaroux\Documents\99_Personnel\workspace\memory\memory\src\index.js">
      <metrics statements="2" coveredstatements="0" conditionals="0" coveredconditionals="0" methods="0" coveredmethods="0"/>
      <line num="6" count="0" type="stmt"/>
      <line num="11" count="0" type="stmt"/>
    </file>
    <file name="serviceWorker.js" path="C:\Users\bfaroux\Documents\99_Personnel\workspace\memory\memory\src\serviceWorker.js">
      <metrics statements="38" coveredstatements="0" conditionals="32" coveredconditionals="0" methods="15" coveredmethods="0"/>
      <line num="13" count="0" type="stmt"/>
      <line num="24" count="0" type="cond" truecount="0" falsecount="4"/>
      <line num="26" count="0" type="stmt"/>
      <line num="27" count="0" type="cond" truecount="0" falsecount="2"/>
      <line num="31" count="0" type="stmt"/>
      <line num="34" count="0" type="stmt"/>
      <line num="35" count="0" type="stmt"/>
      <line num="37" count="0" type="cond" truecount="0" falsecount="2"/>
      <line num="39" count="0" type="stmt"/>
      <line num="43" count="0" type="stmt"/>
      <line num="44" count="0" type="stmt"/>
      <line num="51" count="0" type="stmt"/>
      <line num="58" count="0" type="stmt"/>
      <line num="61" count="0" type="stmt"/>
      <line num="62" count="0" type="stmt"/>
      <line num="63" count="0" type="cond" truecount="0" falsecount="2"/>
      <line num="64" count="0" type="stmt"/>
      <line num="66" count="0" type="stmt"/>
      <line num="67" count="0" type="cond" truecount="0" falsecount="2"/>
      <line num="68" count="0" type="cond" truecount="0" falsecount="2"/>
      <line num="72" count="0" type="stmt"/>
      <line num="78" count="0" type="cond" truecount="0" falsecount="4"/>
      <line num="79" count="0" type="stmt"/>
      <line num="85" count="0" type="stmt"/>
      <line num="88" count="0" type="cond" truecount="0" falsecount="4"/>
      <line num="89" count="0" type="stmt"/>
      <line num="97" count="0" type="stmt"/>
      <line num="103" count="0" type="stmt"/>
      <line num="108" count="0" type="stmt"/>
      <line num="109" count="0" type="cond" truecount="0" falsecount="2"/>
      <line num="114" count="0" type="stmt"/>
      <line num="115" count="0" type="stmt"/>
      <line num="116" count="0" type="stmt"/>
      <line num="121" count="0" type="stmt"/>
      <line num="125" count="0" type="stmt"/>
      <line num="132" count="0" type="cond" truecount="0" falsecount="2"/>
      <line num="133" count="0" type="stmt"/>
      <line num="134" count="0" type="stmt"/>
    </file>
  </project>
</coverage>
