{"C:\\Users\\bfaroux\\Documents\\99_Personnel\\workspace\\memory\\memory\\src\\App.js": {"path":"C:\\Users\\bfaroux\\Documents\\99_Personnel\\workspace\\memory\\memory\\src\\App.js","statementMap":{"0":{"start":{"line":11,"column":13},"end":{"line":11,"column":14}},"1":{"start":{"line":12,"column":23},"end":{"line":12,"column":61}},"2":{"start":{"line":13,"column":27},"end":{"line":13,"column":30}},"3":{"start":{"line":16,"column":8},"end":{"line":22,"column":1}},"4":{"start":{"line":27,"column":19},"end":{"line":27,"column":21}},"5":{"start":{"line":28,"column":17},"end":{"line":28,"column":28}},"6":{"start":{"line":29,"column":23},"end":{"line":29,"column":39}},"7":{"start":{"line":30,"column":4},"end":{"line":33,"column":5}},"8":{"start":{"line":31,"column":19},"end":{"line":31,"column":35}},"9":{"start":{"line":32,"column":6},"end":{"line":32,"column":29}},"10":{"start":{"line":34,"column":4},"end":{"line":34,"column":26}},"11":{"start":{"line":38,"column":48},"end":{"line":38,"column":58}},"12":{"start":{"line":39,"column":25},"end":{"line":39,"column":59}},"13":{"start":{"line":41,"column":4},"end":{"line":43,"column":5}},"14":{"start":{"line":42,"column":6},"end":{"line":42,"column":76}},"15":{"start":{"line":45,"column":4},"end":{"line":47,"column":5}},"16":{"start":{"line":46,"column":6},"end":{"line":46,"column":60}},"17":{"start":{"line":49,"column":4},"end":{"line":49,"column":46}},"18":{"start":{"line":53,"column":20},"end":{"line":66,"column":3}},"19":{"start":{"line":54,"column":28},"end":{"line":54,"column":38}},"20":{"start":{"line":56,"column":4},"end":{"line":58,"column":5}},"21":{"start":{"line":57,"column":6},"end":{"line":57,"column":12}},"22":{"start":{"line":60,"column":4},"end":{"line":63,"column":5}},"23":{"start":{"line":61,"column":6},"end":{"line":61,"column":45}},"24":{"start":{"line":62,"column":6},"end":{"line":62,"column":12}},"25":{"start":{"line":65,"column":4},"end":{"line":65,"column":37}},"26":{"start":{"line":69,"column":64},"end":{"line":69,"column":74}},"27":{"start":{"line":71,"column":20},"end":{"line":71,"column":43}},"28":{"start":{"line":72,"column":23},"end":{"line":72,"column":34}},"29":{"start":{"line":73,"column":20},"end":{"line":73,"column":59}},"30":{"start":{"line":75,"column":4},"end":{"line":75,"column":64}},"31":{"start":{"line":77,"column":4},"end":{"line":79,"column":5}},"32":{"start":{"line":78,"column":6},"end":{"line":78,"column":81}},"33":{"start":{"line":80,"column":4},"end":{"line":80,"column":76}},"34":{"start":{"line":80,"column":21},"end":{"line":80,"column":55}},"35":{"start":{"line":83,"column":22},"end":{"line":85,"column":3}},"36":{"start":{"line":84,"column":4},"end":{"line":84,"column":31}},"37":{"start":{"line":88,"column":63},"end":{"line":88,"column":73}},"38":{"start":{"line":89,"column":16},"end":{"line":89,"column":58}},"39":{"start":{"line":91,"column":4},"end":{"line":126,"column":5}},"40":{"start":{"line":101,"column":10},"end":{"line":107,"column":12}}},"fnMap":{"0":{"name":"(anonymous_0)","decl":{"start":{"line":26,"column":2},"end":{"line":26,"column":3}},"loc":{"start":{"line":26,"column":18},"end":{"line":35,"column":3}},"line":26},"1":{"name":"(anonymous_1)","decl":{"start":{"line":37,"column":2},"end":{"line":37,"column":3}},"loc":{"start":{"line":37,"column":28},"end":{"line":50,"column":3}},"line":37},"2":{"name":"(anonymous_2)","decl":{"start":{"line":53,"column":20},"end":{"line":53,"column":21}},"loc":{"start":{"line":53,"column":29},"end":{"line":66,"column":3}},"line":53},"3":{"name":"(anonymous_3)","decl":{"start":{"line":68,"column":2},"end":{"line":68,"column":3}},"loc":{"start":{"line":68,"column":31},"end":{"line":81,"column":3}},"line":68},"4":{"name":"(anonymous_4)","decl":{"start":{"line":80,"column":15},"end":{"line":80,"column":16}},"loc":{"start":{"line":80,"column":21},"end":{"line":80,"column":55}},"line":80},"5":{"name":"(anonymous_5)","decl":{"start":{"line":83,"column":22},"end":{"line":83,"column":23}},"loc":{"start":{"line":83,"column":38},"end":{"line":85,"column":3}},"line":83},"6":{"name":"(anonymous_6)","decl":{"start":{"line":87,"column":2},"end":{"line":87,"column":3}},"loc":{"start":{"line":87,"column":11},"end":{"line":127,"column":3}},"line":87},"7":{"name":"(anonymous_7)","decl":{"start":{"line":100,"column":19},"end":{"line":100,"column":20}},"loc":{"start":{"line":101,"column":10},"end":{"line":107,"column":12}},"line":101}},"branchMap":{"0":{"loc":{"start":{"line":41,"column":4},"end":{"line":43,"column":5}},"type":"if","locations":[{"start":{"line":41,"column":4},"end":{"line":43,"column":5}},{"start":{"line":41,"column":4},"end":{"line":43,"column":5}}],"line":41},"1":{"loc":{"start":{"line":42,"column":13},"end":{"line":42,"column":76}},"type":"cond-expr","locations":[{"start":{"line":42,"column":56},"end":{"line":42,"column":65}},{"start":{"line":42,"column":68},"end":{"line":42,"column":76}}],"line":42},"2":{"loc":{"start":{"line":42,"column":13},"end":{"line":42,"column":53}},"type":"binary-expr","locations":[{"start":{"line":42,"column":13},"end":{"line":42,"column":25}},{"start":{"line":42,"column":29},"end":{"line":42,"column":53}}],"line":42},"3":{"loc":{"start":{"line":45,"column":4},"end":{"line":47,"column":5}},"type":"if","locations":[{"start":{"line":45,"column":4},"end":{"line":47,"column":5}},{"start":{"line":45,"column":4},"end":{"line":47,"column":5}}],"line":45},"4":{"loc":{"start":{"line":46,"column":13},"end":{"line":46,"column":60}},"type":"cond-expr","locations":[{"start":{"line":46,"column":28},"end":{"line":46,"column":41}},{"start":{"line":46,"column":44},"end":{"line":46,"column":60}}],"line":46},"5":{"loc":{"start":{"line":49,"column":11},"end":{"line":49,"column":46}},"type":"cond-expr","locations":[{"start":{"line":49,"column":26},"end":{"line":49,"column":35}},{"start":{"line":49,"column":38},"end":{"line":49,"column":46}}],"line":49},"6":{"loc":{"start":{"line":56,"column":4},"end":{"line":58,"column":5}},"type":"if","locations":[{"start":{"line":56,"column":4},"end":{"line":58,"column":5}},{"start":{"line":56,"column":4},"end":{"line":58,"column":5}}],"line":56},"7":{"loc":{"start":{"line":60,"column":4},"end":{"line":63,"column":5}},"type":"if","locations":[{"start":{"line":60,"column":4},"end":{"line":63,"column":5}},{"start":{"line":60,"column":4},"end":{"line":63,"column":5}}],"line":60},"8":{"loc":{"start":{"line":77,"column":4},"end":{"line":79,"column":5}},"type":"if","locations":[{"start":{"line":77,"column":4},"end":{"line":79,"column":5}},{"start":{"line":77,"column":4},"end":{"line":79,"column":5}}],"line":77},"9":{"loc":{"start":{"line":94,"column":9},"end":{"line":99,"column":13}},"type":"binary-expr","locations":[{"start":{"line":94,"column":9},"end":{"line":94,"column":12}},{"start":{"line":95,"column":11},"end":{"line":99,"column":11}}],"line":94},"10":{"loc":{"start":{"line":95,"column":11},"end":{"line":99,"column":11}},"type":"cond-expr","locations":[{"start":{"line":96,"column":12},"end":{"line":96,"column":47}},{"start":{"line":98,"column":12},"end":{"line":98,"column":82}}],"line":95},"11":{"loc":{"start":{"line":109,"column":9},"end":{"line":109,"column":49}},"type":"binary-expr","locations":[{"start":{"line":109,"column":9},"end":{"line":109,"column":12}},{"start":{"line":109,"column":16},"end":{"line":109,"column":49}}],"line":109}},"s":{"0":1,"1":1,"2":1,"3":3,"4":2,"5":2,"6":2,"7":2,"8":36,"9":36,"10":2,"11":108,"12":108,"13":108,"14":108,"15":0,"16":0,"17":0,"18":3,"19":0,"20":0,"21":0,"22":0,"23":0,"24":0,"25":0,"26":0,"27":0,"28":0,"29":0,"30":0,"31":0,"32":0,"33":0,"34":0,"35":3,"36":0,"37":3,"38":3,"39":3,"40":108},"f":{"0":2,"1":108,"2":0,"3":0,"4":0,"5":0,"6":3,"7":108},"b":{"0":[108,0],"1":[0,108],"2":[108,108],"3":[0,0],"4":[0,0],"5":[0,0],"6":[0,0],"7":[0,0],"8":[0,0],"9":[3,0],"10":[0,0],"11":[3,0]},"_coverageSchema":"43e27e138ebf9cfc5966b082cf9a028302ed4184","hash":"1d1a329e794cda7e4979aef1cd8b97fe182cde3f"}
,"C:\\Users\\bfaroux\\Documents\\99_Personnel\\workspace\\memory\\memory\\src\\Card.js": {"path":"C:\\Users\\bfaroux\\Documents\\99_Personnel\\workspace\\memory\\memory\\src\\Card.js","statementMap":{"0":{"start":{"line":6,"column":22},"end":{"line":6,"column":25}},"1":{"start":{"line":8,"column":13},"end":{"line":14,"column":1}},"2":{"start":{"line":9,"column":0},"end":{"line":13,"column":6}},"3":{"start":{"line":9,"column":51},"end":{"line":9,"column":65}},"4":{"start":{"line":16,"column":0},"end":{"line":26,"column":1}}},"fnMap":{"0":{"name":"(anonymous_0)","decl":{"start":{"line":8,"column":13},"end":{"line":8,"column":14}},"loc":{"start":{"line":9,"column":0},"end":{"line":13,"column":6}},"line":9},"1":{"name":"(anonymous_1)","decl":{"start":{"line":9,"column":45},"end":{"line":9,"column":46}},"loc":{"start":{"line":9,"column":51},"end":{"line":9,"column":65}},"line":9}},"branchMap":{"0":{"loc":{"start":{"line":11,"column":9},"end":{"line":11,"column":53}},"type":"cond-expr","locations":[{"start":{"line":11,"column":33},"end":{"line":11,"column":46}},{"start":{"line":11,"column":49},"end":{"line":11,"column":53}}],"line":11}},"s":{"0":1,"1":1,"2":2,"3":1,"4":1},"f":{"0":2,"1":1},"b":{"0":[2,0]},"_coverageSchema":"43e27e138ebf9cfc5966b082cf9a028302ed4184","hash":"7841a92182b64628fa939720e0fba8c315445047"}
,"C:\\Users\\bfaroux\\Documents\\99_Personnel\\workspace\\memory\\memory\\src\\GuessCount.js": {"path":"C:\\Users\\bfaroux\\Documents\\99_Personnel\\workspace\\memory\\memory\\src\\GuessCount.js","statementMap":{"0":{"start":{"line":6,"column":19},"end":{"line":6,"column":76}},"1":{"start":{"line":6,"column":36},"end":{"line":6,"column":76}},"2":{"start":{"line":8,"column":0},"end":{"line":10,"column":1}}},"fnMap":{"0":{"name":"(anonymous_0)","decl":{"start":{"line":6,"column":19},"end":{"line":6,"column":20}},"loc":{"start":{"line":6,"column":36},"end":{"line":6,"column":76}},"line":6}},"branchMap":{},"s":{"0":1,"1":0,"2":1},"f":{"0":0},"b":{},"_coverageSchema":"43e27e138ebf9cfc5966b082cf9a028302ed4184","hash":"c10da8b78273155012ce4833b7a2fe2ec5c93e6e"}
,"C:\\Users\\bfaroux\\Documents\\99_Personnel\\workspace\\memory\\memory\\src\\HallOfFame.js": {"path":"C:\\Users\\bfaroux\\Documents\\99_Personnel\\workspace\\memory\\memory\\src\\HallOfFame.js","statementMap":{"0":{"start":{"line":6,"column":19},"end":{"line":18,"column":1}},"1":{"start":{"line":7,"column":2},"end":{"line":17,"column":10}},"2":{"start":{"line":10,"column":8},"end":{"line":14,"column":13}},"3":{"start":{"line":20,"column":0},"end":{"line":29,"column":1}},"4":{"start":{"line":35,"column":24},"end":{"line":40,"column":1}},"5":{"start":{"line":42,"column":16},"end":{"line":42,"column":38}},"6":{"start":{"line":43,"column":21},"end":{"line":43,"column":23}},"7":{"start":{"line":46,"column":2},"end":{"line":46,"column":46}},"8":{"start":{"line":47,"column":2},"end":{"line":47,"column":23}},"9":{"start":{"line":49,"column":18},"end":{"line":49,"column":67}},"10":{"start":{"line":50,"column":25},"end":{"line":52,"column":3}},"11":{"start":{"line":51,"column":21},"end":{"line":51,"column":45}},"12":{"start":{"line":54,"column":2},"end":{"line":58,"column":3}},"13":{"start":{"line":55,"column":4},"end":{"line":55,"column":23}},"14":{"start":{"line":57,"column":4},"end":{"line":57,"column":44}},"15":{"start":{"line":59,"column":2},"end":{"line":61,"column":3}},"16":{"start":{"line":60,"column":4},"end":{"line":60,"column":48}},"17":{"start":{"line":63,"column":2},"end":{"line":63,"column":56}},"18":{"start":{"line":64,"column":2},"end":{"line":64,"column":19}}},"fnMap":{"0":{"name":"(anonymous_0)","decl":{"start":{"line":6,"column":19},"end":{"line":6,"column":20}},"loc":{"start":{"line":7,"column":2},"end":{"line":17,"column":10}},"line":7},"1":{"name":"(anonymous_1)","decl":{"start":{"line":9,"column":19},"end":{"line":9,"column":20}},"loc":{"start":{"line":10,"column":8},"end":{"line":14,"column":13}},"line":10},"2":{"name":"saveHOFEntry","decl":{"start":{"line":45,"column":16},"end":{"line":45,"column":28}},"loc":{"start":{"line":45,"column":46},"end":{"line":65,"column":1}},"line":45},"3":{"name":"(anonymous_3)","decl":{"start":{"line":51,"column":4},"end":{"line":51,"column":5}},"loc":{"start":{"line":51,"column":21},"end":{"line":51,"column":45}},"line":51}},"branchMap":{"0":{"loc":{"start":{"line":49,"column":29},"end":{"line":49,"column":66}},"type":"binary-expr","locations":[{"start":{"line":49,"column":29},"end":{"line":49,"column":58}},{"start":{"line":49,"column":62},"end":{"line":49,"column":66}}],"line":49},"1":{"loc":{"start":{"line":54,"column":2},"end":{"line":58,"column":3}},"type":"if","locations":[{"start":{"line":54,"column":2},"end":{"line":58,"column":3}},{"start":{"line":54,"column":2},"end":{"line":58,"column":3}}],"line":54},"2":{"loc":{"start":{"line":59,"column":2},"end":{"line":61,"column":3}},"type":"if","locations":[{"start":{"line":59,"column":2},"end":{"line":61,"column":3}},{"start":{"line":59,"column":2},"end":{"line":61,"column":3}}],"line":59}},"s":{"0":1,"1":0,"2":0,"3":1,"4":1,"5":1,"6":1,"7":0,"8":0,"9":0,"10":0,"11":0,"12":0,"13":0,"14":0,"15":0,"16":0,"17":0,"18":0},"f":{"0":0,"1":0,"2":0,"3":0},"b":{"0":[0,0],"1":[0,0],"2":[0,0]},"_coverageSchema":"43e27e138ebf9cfc5966b082cf9a028302ed4184","hash":"3d62db893d3733b0dd861e9bb83aff764d12dfd3"}
,"C:\\Users\\bfaroux\\Documents\\99_Personnel\\workspace\\memory\\memory\\src\\HighScoreInput.js": {"path":"C:\\Users\\bfaroux\\Documents\\99_Personnel\\workspace\\memory\\memory\\src\\HighScoreInput.js","statementMap":{"0":{"start":{"line":9,"column":10},"end":{"line":9,"column":24}},"1":{"start":{"line":12,"column":23},"end":{"line":14,"column":3}},"2":{"start":{"line":13,"column":4},"end":{"line":13,"column":63}},"3":{"start":{"line":16,"column":18},"end":{"line":20,"column":3}},"4":{"start":{"line":17,"column":4},"end":{"line":17,"column":26}},"5":{"start":{"line":18,"column":21},"end":{"line":18,"column":79}},"6":{"start":{"line":19,"column":4},"end":{"line":19,"column":47}},"7":{"start":{"line":23,"column":4},"end":{"line":33,"column":5}},"8":{"start":{"line":37,"column":0},"end":{"line":40,"column":1}}},"fnMap":{"0":{"name":"(anonymous_0)","decl":{"start":{"line":12,"column":23},"end":{"line":12,"column":24}},"loc":{"start":{"line":12,"column":34},"end":{"line":14,"column":3}},"line":12},"1":{"name":"(anonymous_1)","decl":{"start":{"line":16,"column":18},"end":{"line":16,"column":19}},"loc":{"start":{"line":16,"column":29},"end":{"line":20,"column":3}},"line":16},"2":{"name":"(anonymous_2)","decl":{"start":{"line":22,"column":2},"end":{"line":22,"column":3}},"loc":{"start":{"line":22,"column":11},"end":{"line":34,"column":3}},"line":22}},"branchMap":{},"s":{"0":0,"1":0,"2":0,"3":0,"4":0,"5":0,"6":0,"7":0,"8":1},"f":{"0":0,"1":0,"2":0},"b":{},"_coverageSchema":"43e27e138ebf9cfc5966b082cf9a028302ed4184","hash":"46926d3a50e036dde93d025addeeb1da86948455"}
,"C:\\Users\\bfaroux\\Documents\\99_Personnel\\workspace\\memory\\memory\\src\\index.js": {"path":"C:\\Users\\bfaroux\\Documents\\99_Personnel\\workspace\\memory\\memory\\src\\index.js","statementMap":{"0":{"start":{"line":6,"column":0},"end":{"line":6,"column":58}},"1":{"start":{"line":11,"column":0},"end":{"line":11,"column":27}}},"fnMap":{},"branchMap":{},"s":{"0":0,"1":0},"f":{},"b":{},"hash":"2e868cf024d6f49041ce3d5702b9ca097349362e"}
,"C:\\Users\\bfaroux\\Documents\\99_Personnel\\workspace\\memory\\memory\\src\\serviceWorker.js": {"path":"C:\\Users\\bfaroux\\Documents\\99_Personnel\\workspace\\memory\\memory\\src\\serviceWorker.js","statementMap":{"0":{"start":{"line":13,"column":20},"end":{"line":21,"column":1}},"1":{"start":{"line":24,"column":2},"end":{"line":54,"column":3}},"2":{"start":{"line":26,"column":22},"end":{"line":26,"column":75}},"3":{"start":{"line":27,"column":4},"end":{"line":32,"column":5}},"4":{"start":{"line":31,"column":6},"end":{"line":31,"column":13}},"5":{"start":{"line":34,"column":4},"end":{"line":53,"column":7}},"6":{"start":{"line":35,"column":20},"end":{"line":35,"column":65}},"7":{"start":{"line":37,"column":6},"end":{"line":52,"column":7}},"8":{"start":{"line":39,"column":8},"end":{"line":39,"column":47}},"9":{"start":{"line":43,"column":8},"end":{"line":48,"column":11}},"10":{"start":{"line":44,"column":10},"end":{"line":47,"column":12}},"11":{"start":{"line":51,"column":8},"end":{"line":51,"column":39}},"12":{"start":{"line":58,"column":2},"end":{"line":98,"column":7}},"13":{"start":{"line":61,"column":6},"end":{"line":94,"column":8}},"14":{"start":{"line":62,"column":33},"end":{"line":62,"column":56}},"15":{"start":{"line":63,"column":8},"end":{"line":65,"column":9}},"16":{"start":{"line":64,"column":10},"end":{"line":64,"column":17}},"17":{"start":{"line":66,"column":8},"end":{"line":93,"column":10}},"18":{"start":{"line":67,"column":10},"end":{"line":92,"column":11}},"19":{"start":{"line":68,"column":12},"end":{"line":91,"column":13}},"20":{"start":{"line":72,"column":14},"end":{"line":75,"column":16}},"21":{"start":{"line":78,"column":14},"end":{"line":80,"column":15}},"22":{"start":{"line":79,"column":16},"end":{"line":79,"column":46}},"23":{"start":{"line":85,"column":14},"end":{"line":85,"column":64}},"24":{"start":{"line":88,"column":14},"end":{"line":90,"column":15}},"25":{"start":{"line":89,"column":16},"end":{"line":89,"column":47}},"26":{"start":{"line":97,"column":6},"end":{"line":97,"column":72}},"27":{"start":{"line":103,"column":2},"end":{"line":128,"column":7}},"28":{"start":{"line":108,"column":26},"end":{"line":108,"column":62}},"29":{"start":{"line":109,"column":6},"end":{"line":122,"column":7}},"30":{"start":{"line":114,"column":8},"end":{"line":118,"column":11}},"31":{"start":{"line":115,"column":10},"end":{"line":117,"column":13}},"32":{"start":{"line":116,"column":12},"end":{"line":116,"column":37}},"33":{"start":{"line":121,"column":8},"end":{"line":121,"column":39}},"34":{"start":{"line":125,"column":6},"end":{"line":127,"column":8}},"35":{"start":{"line":132,"column":2},"end":{"line":136,"column":3}},"36":{"start":{"line":133,"column":4},"end":{"line":135,"column":7}},"37":{"start":{"line":134,"column":6},"end":{"line":134,"column":32}}},"fnMap":{"0":{"name":"register","decl":{"start":{"line":23,"column":16},"end":{"line":23,"column":24}},"loc":{"start":{"line":23,"column":33},"end":{"line":55,"column":1}},"line":23},"1":{"name":"(anonymous_1)","decl":{"start":{"line":34,"column":36},"end":{"line":34,"column":37}},"loc":{"start":{"line":34,"column":42},"end":{"line":53,"column":5}},"line":34},"2":{"name":"(anonymous_2)","decl":{"start":{"line":43,"column":43},"end":{"line":43,"column":44}},"loc":{"start":{"line":43,"column":49},"end":{"line":48,"column":9}},"line":43},"3":{"name":"registerValidSW","decl":{"start":{"line":57,"column":9},"end":{"line":57,"column":24}},"loc":{"start":{"line":57,"column":40},"end":{"line":99,"column":1}},"line":57},"4":{"name":"(anonymous_4)","decl":{"start":{"line":60,"column":10},"end":{"line":60,"column":11}},"loc":{"start":{"line":60,"column":26},"end":{"line":95,"column":5}},"line":60},"5":{"name":"(anonymous_5)","decl":{"start":{"line":61,"column":35},"end":{"line":61,"column":36}},"loc":{"start":{"line":61,"column":41},"end":{"line":94,"column":7}},"line":61},"6":{"name":"(anonymous_6)","decl":{"start":{"line":66,"column":41},"end":{"line":66,"column":42}},"loc":{"start":{"line":66,"column":47},"end":{"line":93,"column":9}},"line":66},"7":{"name":"(anonymous_7)","decl":{"start":{"line":96,"column":11},"end":{"line":96,"column":12}},"loc":{"start":{"line":96,"column":20},"end":{"line":98,"column":5}},"line":96},"8":{"name":"checkValidServiceWorker","decl":{"start":{"line":101,"column":9},"end":{"line":101,"column":32}},"loc":{"start":{"line":101,"column":48},"end":{"line":129,"column":1}},"line":101},"9":{"name":"(anonymous_9)","decl":{"start":{"line":106,"column":10},"end":{"line":106,"column":11}},"loc":{"start":{"line":106,"column":22},"end":{"line":123,"column":5}},"line":106},"10":{"name":"(anonymous_10)","decl":{"start":{"line":114,"column":43},"end":{"line":114,"column":44}},"loc":{"start":{"line":114,"column":59},"end":{"line":118,"column":9}},"line":114},"11":{"name":"(anonymous_11)","decl":{"start":{"line":115,"column":41},"end":{"line":115,"column":42}},"loc":{"start":{"line":115,"column":47},"end":{"line":117,"column":11}},"line":115},"12":{"name":"(anonymous_12)","decl":{"start":{"line":124,"column":11},"end":{"line":124,"column":12}},"loc":{"start":{"line":124,"column":17},"end":{"line":128,"column":5}},"line":124},"13":{"name":"unregister","decl":{"start":{"line":131,"column":16},"end":{"line":131,"column":26}},"loc":{"start":{"line":131,"column":29},"end":{"line":137,"column":1}},"line":131},"14":{"name":"(anonymous_14)","decl":{"start":{"line":133,"column":39},"end":{"line":133,"column":40}},"loc":{"start":{"line":133,"column":55},"end":{"line":135,"column":5}},"line":133}},"branchMap":{"0":{"loc":{"start":{"line":14,"column":2},"end":{"line":20,"column":5}},"type":"binary-expr","locations":[{"start":{"line":14,"column":2},"end":{"line":14,"column":42}},{"start":{"line":16,"column":4},"end":{"line":16,"column":40}},{"start":{"line":18,"column":4},"end":{"line":20,"column":5}}],"line":14},"1":{"loc":{"start":{"line":24,"column":2},"end":{"line":54,"column":3}},"type":"if","locations":[{"start":{"line":24,"column":2},"end":{"line":54,"column":3}},{"start":{"line":24,"column":2},"end":{"line":54,"column":3}}],"line":24},"2":{"loc":{"start":{"line":24,"column":6},"end":{"line":24,"column":75}},"type":"binary-expr","locations":[{"start":{"line":24,"column":6},"end":{"line":24,"column":43}},{"start":{"line":24,"column":47},"end":{"line":24,"column":75}}],"line":24},"3":{"loc":{"start":{"line":27,"column":4},"end":{"line":32,"column":5}},"type":"if","locations":[{"start":{"line":27,"column":4},"end":{"line":32,"column":5}},{"start":{"line":27,"column":4},"end":{"line":32,"column":5}}],"line":27},"4":{"loc":{"start":{"line":37,"column":6},"end":{"line":52,"column":7}},"type":"if","locations":[{"start":{"line":37,"column":6},"end":{"line":52,"column":7}},{"start":{"line":37,"column":6},"end":{"line":52,"column":7}}],"line":37},"5":{"loc":{"start":{"line":63,"column":8},"end":{"line":65,"column":9}},"type":"if","locations":[{"start":{"line":63,"column":8},"end":{"line":65,"column":9}},{"start":{"line":63,"column":8},"end":{"line":65,"column":9}}],"line":63},"6":{"loc":{"start":{"line":67,"column":10},"end":{"line":92,"column":11}},"type":"if","locations":[{"start":{"line":67,"column":10},"end":{"line":92,"column":11}},{"start":{"line":67,"column":10},"end":{"line":92,"column":11}}],"line":67},"7":{"loc":{"start":{"line":68,"column":12},"end":{"line":91,"column":13}},"type":"if","locations":[{"start":{"line":68,"column":12},"end":{"line":91,"column":13}},{"start":{"line":68,"column":12},"end":{"line":91,"column":13}}],"line":68},"8":{"loc":{"start":{"line":78,"column":14},"end":{"line":80,"column":15}},"type":"if","locations":[{"start":{"line":78,"column":14},"end":{"line":80,"column":15}},{"start":{"line":78,"column":14},"end":{"line":80,"column":15}}],"line":78},"9":{"loc":{"start":{"line":78,"column":18},"end":{"line":78,"column":43}},"type":"binary-expr","locations":[{"start":{"line":78,"column":18},"end":{"line":78,"column":24}},{"start":{"line":78,"column":28},"end":{"line":78,"column":43}}],"line":78},"10":{"loc":{"start":{"line":88,"column":14},"end":{"line":90,"column":15}},"type":"if","locations":[{"start":{"line":88,"column":14},"end":{"line":90,"column":15}},{"start":{"line":88,"column":14},"end":{"line":90,"column":15}}],"line":88},"11":{"loc":{"start":{"line":88,"column":18},"end":{"line":88,"column":44}},"type":"binary-expr","locations":[{"start":{"line":88,"column":18},"end":{"line":88,"column":24}},{"start":{"line":88,"column":28},"end":{"line":88,"column":44}}],"line":88},"12":{"loc":{"start":{"line":109,"column":6},"end":{"line":122,"column":7}},"type":"if","locations":[{"start":{"line":109,"column":6},"end":{"line":122,"column":7}},{"start":{"line":109,"column":6},"end":{"line":122,"column":7}}],"line":109},"13":{"loc":{"start":{"line":110,"column":8},"end":{"line":111,"column":73}},"type":"binary-expr","locations":[{"start":{"line":110,"column":8},"end":{"line":110,"column":31}},{"start":{"line":111,"column":9},"end":{"line":111,"column":28}},{"start":{"line":111,"column":32},"end":{"line":111,"column":72}}],"line":110},"14":{"loc":{"start":{"line":132,"column":2},"end":{"line":136,"column":3}},"type":"if","locations":[{"start":{"line":132,"column":2},"end":{"line":136,"column":3}},{"start":{"line":132,"column":2},"end":{"line":136,"column":3}}],"line":132}},"s":{"0":0,"1":0,"2":0,"3":0,"4":0,"5":0,"6":0,"7":0,"8":0,"9":0,"10":0,"11":0,"12":0,"13":0,"14":0,"15":0,"16":0,"17":0,"18":0,"19":0,"20":0,"21":0,"22":0,"23":0,"24":0,"25":0,"26":0,"27":0,"28":0,"29":0,"30":0,"31":0,"32":0,"33":0,"34":0,"35":0,"36":0,"37":0},"f":{"0":0,"1":0,"2":0,"3":0,"4":0,"5":0,"6":0,"7":0,"8":0,"9":0,"10":0,"11":0,"12":0,"13":0,"14":0},"b":{"0":[0,0,0],"1":[0,0],"2":[0,0],"3":[0,0],"4":[0,0],"5":[0,0],"6":[0,0],"7":[0,0],"8":[0,0],"9":[0,0],"10":[0,0],"11":[0,0],"12":[0,0],"13":[0,0,0],"14":[0,0]},"hash":"14c1e669b0ef6205e2a5fef5c65c98784fc5c07b"}
}
